1 Karym => 
	pp: 10920, bonus pp: 161
2 qebrus => 
	pp: 10757, bonus pp: 169
3 ExGon => 
	pp: 12842, bonus pp: 187
4 LechuCzechu => 
	pp: 12107, bonus pp: 199
5 Kazuyo => 
	pp: 11360, bonus pp: 202
6 Berea => 
	pp: 11892, bonus pp: 203
7 -Kurx => 
	pp: 11457, bonus pp: 204
8 Orinoshi => 
	pp: 11506, bonus pp: 207
9 Fantasy => 
	pp: 12880, bonus pp: 225
10 [224]Reol => 
	pp: 11980, bonus pp: 229
11 ArMa79 => 
	pp: 10956, bonus pp: 230
12 Vinci007 => 
	pp: 11702, bonus pp: 231
13 - Flutter - => 
	pp: 12081, bonus pp: 241
14 ShipShup => 
	pp: 10932, bonus pp: 247
15 Matt_H => 
	pp: 11000, bonus pp: 254
16 chickenbible => 
	pp: 11929, bonus pp: 261
17 Chara => 
	pp: 12769, bonus pp: 265
18 Ryoko => 
	pp: 10895, bonus pp: 268
19 Aphrodite- => 
	pp: 11120, bonus pp: 276
20 Byeol => 
	pp: 11818, bonus pp: 277
21 Ttobas => 
	pp: 12553, bonus pp: 278
22 Motion => 
	pp: 13670, bonus pp: 282
23 qwhj1027 => 
	pp: 10768, bonus pp: 282
24 [224]Hyperw7 => 
	pp: 14224, bonus pp: 284
25 Deceitful => 
	pp: 13056, bonus pp: 284
26 [Force] => 
	pp: 11485, bonus pp: 286
27 Callionet => 
	pp: 12796, bonus pp: 299
28 Spectator => 
	pp: 11240, bonus pp: 300
29 M a s t e r => 
	pp: 12602, bonus pp: 307
30 CheungB => 
	pp: 11668, bonus pp: 311
31 Kohaku => 
	pp: 11203, bonus pp: 313
32 lineqtxz => 
	pp: 11928, bonus pp: 322
33 Quit user => 
	pp: 12505, bonus pp: 328
34 Sousaki => 
	pp: 10980, bonus pp: 331
35 _Asriel => 
	pp: 13743, bonus pp: 342
36 lechuguin => 
	pp: 10691, bonus pp: 348
37 eauikk => 
	pp: 12316, bonus pp: 352
38 VagaNNN => 
	pp: 12014, bonus pp: 355
39 Sakurano Kurimu => 
	pp: 12331, bonus pp: 356
40 - N a g i - => 
	pp: 12287, bonus pp: 361
41 Dusk => 
	pp: 14152, bonus pp: 367
42 -Ken => 
	pp: 10635, bonus pp: 369
43 Crystal => 
	pp: 12171, bonus pp: 370
44 Furely => 
	pp: 11401, bonus pp: 374
45 Amlink => 
	pp: 12136, bonus pp: 377
46 Ponchiwi => 
	pp: 12222, bonus pp: 384
47 alienflybot => 
	pp: 10830, bonus pp: 384
48 Liilium => 
	pp: 10673, bonus pp: 397
49 noraRcat => 
	pp: 12046, bonus pp: 399
50 Sponge => 
	pp: 12962, bonus pp: 410
