1 ExGon => 
	pp: 12412, bonus pp: 143
2 Karym => 
	pp: 10696, bonus pp: 163
3 LechuCzechu => 
	pp: 11924, bonus pp: 193
4 -Kurx => 
	pp: 11388, bonus pp: 199
5 Kazuyo => 
	pp: 11359, bonus pp: 201
6 Orinoshi => 
	pp: 11129, bonus pp: 210
7 Catch The Beat => 
	pp: 10503, bonus pp: 213
8 Vinci007 => 
	pp: 11628, bonus pp: 222
9 Fantasy => 
	pp: 12880, bonus pp: 225
10 [224]Reol => 
	pp: 11980, bonus pp: 229
11 ArMa79 => 
	pp: 10760, bonus pp: 230
12 - Flutter - => 
	pp: 11886, bonus pp: 240
13 Matt_H => 
	pp: 10594, bonus pp: 245
14 ShipShup => 
	pp: 10553, bonus pp: 249
15 chickenbible => 
	pp: 11819, bonus pp: 258
16 Chara => 
	pp: 12757, bonus pp: 266
17 Ryoko => 
	pp: 10678, bonus pp: 267
18 Aphrodite- => 
	pp: 11120, bonus pp: 276
19 Ttobas => 
	pp: 12451, bonus pp: 277
20 Byeol => 
	pp: 11794, bonus pp: 277
21 Motion => 
	pp: 13669, bonus pp: 281
22 [224]Hyperw7 => 
	pp: 14181, bonus pp: 285
23 [Force] => 
	pp: 11354, bonus pp: 286
24 Deceitful => 
	pp: 12885, bonus pp: 287
25 Callionet => 
	pp: 12778, bonus pp: 294
26 M a s t e r => 
	pp: 12146, bonus pp: 303
27 Spectator => 
	pp: 10853, bonus pp: 304
28 Kohaku => 
	pp: 10954, bonus pp: 309
29 CheungB => 
	pp: 11662, bonus pp: 312
30 Snow-s-m => 
	pp: 10573, bonus pp: 312
31 lineqtxz => 
	pp: 11293, bonus pp: 316
32 b-a-d-s123 => 
	pp: 10523, bonus pp: 317
33 Quit user => 
	pp: 12046, bonus pp: 320
34 Sousaki => 
	pp: 10906, bonus pp: 330
35 _Asriel => 
	pp: 13676, bonus pp: 340
36 Abysness => 
	pp: 10609, bonus pp: 341
37 eauikk => 
	pp: 12207, bonus pp: 343
38 VagaNNN => 
	pp: 12006, bonus pp: 353
39 Sakurano Kurimu => 
	pp: 12320, bonus pp: 356
40 - N a g i - => 
	pp: 12285, bonus pp: 359
41 Dusk => 
	pp: 14152, bonus pp: 367
42 Crystal => 
	pp: 11928, bonus pp: 368
43 Furely => 
	pp: 11332, bonus pp: 375
44 Amlink => 
	pp: 12051, bonus pp: 376
45 Ponchiwi => 
	pp: 12130, bonus pp: 378
46 alienflybot => 
	pp: 10774, bonus pp: 381
47 Liilium => 
	pp: 10673, bonus pp: 397
48 noraRcat => 
	pp: 11941, bonus pp: 400
49 Jimmy Rustler => 
	pp: 12890, bonus pp: 409
50 Abstract- => 
	pp: 10593, bonus pp: 415
