1 [224]Hyperw7 => 
	pp: 14181, bonus pp: 285
2 Dusk => 
	pp: 14152, bonus pp: 367
3 _Asriel => 
	pp: 13676, bonus pp: 340
4 Motion => 
	pp: 13669, bonus pp: 281
5 Jimmy Rustler => 
	pp: 12890, bonus pp: 409
6 Deceitful => 
	pp: 12885, bonus pp: 287
7 Fantasy => 
	pp: 12880, bonus pp: 225
8 Callionet => 
	pp: 12778, bonus pp: 294
9 Chara => 
	pp: 12757, bonus pp: 266
10 Ttobas => 
	pp: 12451, bonus pp: 277
11 ExGon => 
	pp: 12412, bonus pp: 143
12 Sakurano Kurimu => 
	pp: 12320, bonus pp: 356
13 - N a g i - => 
	pp: 12285, bonus pp: 359
14 eauikk => 
	pp: 12207, bonus pp: 343
15 M a s t e r => 
	pp: 12146, bonus pp: 303
16 Ponchiwi => 
	pp: 12130, bonus pp: 378
17 Amlink => 
	pp: 12051, bonus pp: 376
18 Quit user => 
	pp: 12046, bonus pp: 320
19 VagaNNN => 
	pp: 12006, bonus pp: 353
20 [224]Reol => 
	pp: 11980, bonus pp: 229
21 noraRcat => 
	pp: 11941, bonus pp: 400
22 Crystal => 
	pp: 11928, bonus pp: 368
23 LechuCzechu => 
	pp: 11924, bonus pp: 193
24 - Flutter - => 
	pp: 11886, bonus pp: 240
25 chickenbible => 
	pp: 11819, bonus pp: 258
26 Byeol => 
	pp: 11794, bonus pp: 277
27 CheungB => 
	pp: 11662, bonus pp: 312
28 Vinci007 => 
	pp: 11628, bonus pp: 222
29 -Kurx => 
	pp: 11388, bonus pp: 199
30 Kazuyo => 
	pp: 11359, bonus pp: 201
31 [Force] => 
	pp: 11354, bonus pp: 286
32 Furely => 
	pp: 11332, bonus pp: 375
33 lineqtxz => 
	pp: 11293, bonus pp: 316
34 Orinoshi => 
	pp: 11129, bonus pp: 210
35 Aphrodite- => 
	pp: 11120, bonus pp: 276
36 Kohaku => 
	pp: 10954, bonus pp: 309
37 Sousaki => 
	pp: 10906, bonus pp: 330
38 Spectator => 
	pp: 10853, bonus pp: 304
39 alienflybot => 
	pp: 10774, bonus pp: 381
40 ArMa79 => 
	pp: 10760, bonus pp: 230
41 Karym => 
	pp: 10696, bonus pp: 163
42 Ryoko => 
	pp: 10678, bonus pp: 267
43 Liilium => 
	pp: 10673, bonus pp: 397
44 Abysness => 
	pp: 10609, bonus pp: 341
45 Matt_H => 
	pp: 10594, bonus pp: 245
46 Abstract- => 
	pp: 10593, bonus pp: 415
47 Snow-s-m => 
	pp: 10573, bonus pp: 312
48 ShipShup => 
	pp: 10553, bonus pp: 249
49 b-a-d-s123 => 
	pp: 10523, bonus pp: 317
50 Catch The Beat => 
	pp: 10503, bonus pp: 213
