1 Frobe => 
	pp: 7670, bonus pp: 154
2 Pikicast => 
	pp: 6857, bonus pp: 159
3 Motion => 
	pp: 7526, bonus pp: 187
4 224 => 
	pp: 8373, bonus pp: 234
5 Nyong => 
	pp: 7150, bonus pp: 234
6 zSkill => 
	pp: 8650, bonus pp: 243
7 - Flutter - => 
	pp: 8066, bonus pp: 244
8 Lily White- => 
	pp: 6851, bonus pp: 274
9 CLSW => 
	pp: 6791, bonus pp: 274
10 [224]Hyperw7 => 
	pp: 8609, bonus pp: 280
11 Intensity => 
	pp: 7978, bonus pp: 281
12 [Force] => 
	pp: 6778, bonus pp: 282
13 -Mau => 
	pp: 6876, bonus pp: 285
14 Korglif => 
	pp: 6771, bonus pp: 291
15 Deceitful => 
	pp: 8371, bonus pp: 298
16 eauikk => 
	pp: 7312, bonus pp: 305
17 FlandreScarlet- => 
	pp: 7113, bonus pp: 305
18 Alostis => 
	pp: 7722, bonus pp: 306
19 VelperK => 
	pp: 7452, bonus pp: 309
20 M a s t e r => 
	pp: 8287, bonus pp: 318
21 No492_Shaymin => 
	pp: 9368, bonus pp: 322
22 CheungB => 
	pp: 7327, bonus pp: 324
23 Rantanzyon => 
	pp: 7482, bonus pp: 331
24 Yukiteru Amano => 
	pp: 7317, bonus pp: 340
25 lineqtxz => 
	pp: 7772, bonus pp: 344
26 - N a g i - => 
	pp: 7662, bonus pp: 350
27 Ttobas => 
	pp: 9105, bonus pp: 353
28 He Ang Erika => 
	pp: 7329, bonus pp: 355
29 -Necrophilia- => 
	pp: 7112, bonus pp: 361
30 b-a-d-s123 => 
	pp: 7619, bonus pp: 363
31 NoteKuroi => 
	pp: 8071, bonus pp: 366
32 Yami Shoujo => 
	pp: 7510, bonus pp: 372
33 Fast => 
	pp: 7780, bonus pp: 378
34 monstratorfull => 
	pp: 7033, bonus pp: 379
35 Shyeart => 
	pp: 6998, bonus pp: 380
36 Sakurano Kurimu => 
	pp: 7505, bonus pp: 381
37 Crystal => 
	pp: 7761, bonus pp: 393
38 HARP => 
	pp: 7698, bonus pp: 393
39 119410501 => 
	pp: 7420, bonus pp: 399
40 ririkun => 
	pp: 6930, bonus pp: 408
41 Dusk => 
	pp: 10021, bonus pp: 409
42 alienflybot => 
	pp: 6798, bonus pp: 414
43 sekirei => 
	pp: 7929, bonus pp: 428
44 Zak => 
	pp: 7835, bonus pp: 430
45 ExGon => 
	pp: 10718, bonus pp: 440
46 mjj741 => 
	pp: 7915, bonus pp: 440
47 Abstract- => 
	pp: 8598, bonus pp: 448
48 Spectator => 
	pp: 9010, bonus pp: 452
49 ExRei => 
	pp: 6901, bonus pp: 457
50 noraRcat => 
	pp: 7720, bonus pp: 518
