1 [224]Hyperw7 => 
	pp: 14224, bonus pp: 284
2 Dusk => 
	pp: 14152, bonus pp: 367
3 _Asriel => 
	pp: 13743, bonus pp: 342
4 Motion => 
	pp: 13670, bonus pp: 282
5 Deceitful => 
	pp: 13056, bonus pp: 284
6 Sponge => 
	pp: 12962, bonus pp: 410
7 Fantasy => 
	pp: 12880, bonus pp: 225
8 ExGon => 
	pp: 12842, bonus pp: 187
9 Callionet => 
	pp: 12796, bonus pp: 299
10 Chara => 
	pp: 12769, bonus pp: 265
11 M a s t e r => 
	pp: 12602, bonus pp: 307
12 Ttobas => 
	pp: 12553, bonus pp: 278
13 Quit user => 
	pp: 12505, bonus pp: 328
14 Sakurano Kurimu => 
	pp: 12331, bonus pp: 356
15 eauikk => 
	pp: 12316, bonus pp: 352
16 - N a g i - => 
	pp: 12287, bonus pp: 361
17 Ponchiwi => 
	pp: 12222, bonus pp: 384
18 Crystal => 
	pp: 12171, bonus pp: 370
19 Amlink => 
	pp: 12136, bonus pp: 377
20 LechuCzechu => 
	pp: 12107, bonus pp: 199
21 - Flutter - => 
	pp: 12081, bonus pp: 241
22 noraRcat => 
	pp: 12046, bonus pp: 399
23 VagaNNN => 
	pp: 12014, bonus pp: 355
24 [224]Reol => 
	pp: 11980, bonus pp: 229
25 chickenbible => 
	pp: 11929, bonus pp: 261
26 lineqtxz => 
	pp: 11928, bonus pp: 322
27 Berea => 
	pp: 11892, bonus pp: 203
28 Byeol => 
	pp: 11818, bonus pp: 277
29 Vinci007 => 
	pp: 11702, bonus pp: 231
30 CheungB => 
	pp: 11668, bonus pp: 311
31 Orinoshi => 
	pp: 11506, bonus pp: 207
32 [Force] => 
	pp: 11485, bonus pp: 286
33 -Kurx => 
	pp: 11457, bonus pp: 204
34 Furely => 
	pp: 11401, bonus pp: 374
35 Kazuyo => 
	pp: 11360, bonus pp: 202
36 Spectator => 
	pp: 11240, bonus pp: 300
37 Kohaku => 
	pp: 11203, bonus pp: 313
38 Aphrodite- => 
	pp: 11120, bonus pp: 276
39 Matt_H => 
	pp: 11000, bonus pp: 254
40 Sousaki => 
	pp: 10980, bonus pp: 331
41 ArMa79 => 
	pp: 10956, bonus pp: 230
42 ShipShup => 
	pp: 10932, bonus pp: 247
43 Karym => 
	pp: 10920, bonus pp: 161
44 Ryoko => 
	pp: 10895, bonus pp: 268
45 alienflybot => 
	pp: 10830, bonus pp: 384
46 qwhj1027 => 
	pp: 10768, bonus pp: 282
47 qebrus => 
	pp: 10757, bonus pp: 169
48 lechuguin => 
	pp: 10691, bonus pp: 348
49 Liilium => 
	pp: 10673, bonus pp: 397
50 -Ken => 
	pp: 10635, bonus pp: 369
