1 ExGon => 
	pp: 10718, bonus pp: 440
2 Dusk => 
	pp: 10021, bonus pp: 409
3 No492_Shaymin => 
	pp: 9368, bonus pp: 322
4 Ttobas => 
	pp: 9105, bonus pp: 353
5 Spectator => 
	pp: 9010, bonus pp: 452
6 zSkill => 
	pp: 8650, bonus pp: 243
7 [224]Hyperw7 => 
	pp: 8609, bonus pp: 280
8 Abstract- => 
	pp: 8598, bonus pp: 448
9 224 => 
	pp: 8373, bonus pp: 234
10 Deceitful => 
	pp: 8371, bonus pp: 298
11 M a s t e r => 
	pp: 8287, bonus pp: 318
12 NoteKuroi => 
	pp: 8071, bonus pp: 366
13 - Flutter - => 
	pp: 8066, bonus pp: 244
14 Intensity => 
	pp: 7978, bonus pp: 281
15 sekirei => 
	pp: 7929, bonus pp: 428
16 mjj741 => 
	pp: 7915, bonus pp: 440
17 Zak => 
	pp: 7835, bonus pp: 430
18 Fast => 
	pp: 7780, bonus pp: 378
19 lineqtxz => 
	pp: 7772, bonus pp: 344
20 Crystal => 
	pp: 7761, bonus pp: 393
21 Alostis => 
	pp: 7722, bonus pp: 306
22 noraRcat => 
	pp: 7720, bonus pp: 518
23 HARP => 
	pp: 7698, bonus pp: 393
24 Frobe => 
	pp: 7670, bonus pp: 154
25 - N a g i - => 
	pp: 7662, bonus pp: 350
26 b-a-d-s123 => 
	pp: 7619, bonus pp: 363
27 Motion => 
	pp: 7526, bonus pp: 187
28 Yami Shoujo => 
	pp: 7510, bonus pp: 372
29 Sakurano Kurimu => 
	pp: 7505, bonus pp: 381
30 Rantanzyon => 
	pp: 7482, bonus pp: 331
31 VelperK => 
	pp: 7452, bonus pp: 309
32 119410501 => 
	pp: 7420, bonus pp: 399
33 He Ang Erika => 
	pp: 7329, bonus pp: 355
34 CheungB => 
	pp: 7327, bonus pp: 324
35 Yukiteru Amano => 
	pp: 7317, bonus pp: 340
36 eauikk => 
	pp: 7312, bonus pp: 305
37 Nyong => 
	pp: 7150, bonus pp: 234
38 FlandreScarlet- => 
	pp: 7113, bonus pp: 305
39 -Necrophilia- => 
	pp: 7112, bonus pp: 361
40 monstratorfull => 
	pp: 7033, bonus pp: 379
41 Shyeart => 
	pp: 6998, bonus pp: 380
42 ririkun => 
	pp: 6930, bonus pp: 408
43 ExRei => 
	pp: 6901, bonus pp: 457
44 -Mau => 
	pp: 6876, bonus pp: 285
45 Pikicast => 
	pp: 6857, bonus pp: 159
46 Lily White- => 
	pp: 6851, bonus pp: 274
47 alienflybot => 
	pp: 6798, bonus pp: 414
48 CLSW => 
	pp: 6791, bonus pp: 274
49 [Force] => 
	pp: 6778, bonus pp: 282
50 Korglif => 
	pp: 6771, bonus pp: 291
