1 jhlee0133 => 
	pp: 10778, bonus pp: 94
2 gyp05040 => 
	pp: 10722, bonus pp: 98
3 ACT => 
	pp: 10495, bonus pp: 259
4 HCl69 => 
	pp: 10480, bonus pp: 103
5 jky0308 => 
	pp: 10454, bonus pp: 248
6 HNC_yk => 
	pp: 10438, bonus pp: 260
7 M o g i => 
	pp: 10389, bonus pp: 216
8 01212101 => 
	pp: 10346, bonus pp: 186
9 MoTeSolo => 
	pp: 10343, bonus pp: 135
10 Sillyveon => 
	pp: 10317, bonus pp: 253
11 __M A S__ => 
	pp: 10297, bonus pp: 285
12 Ez2dj_7144 => 
	pp: 10278, bonus pp: 299
13 rustbell => 
	pp: 10262, bonus pp: 102
14 KyeoL_DaN => 
	pp: 10255, bonus pp: 167
15 Cobo- => 
	pp: 10251, bonus pp: 287
16 Black Another => 
	pp: 10246, bonus pp: 72
17 [Teleport] => 
	pp: 10231, bonus pp: 181
18 [Tenshi-] => 
	pp: 10202, bonus pp: 60
19 inteliser => 
	pp: 10201, bonus pp: 83
20 HeathErika => 
	pp: 10188, bonus pp: 306
21 WindyS => 
	pp: 10183, bonus pp: 42
22 Sern888 => 
	pp: 10155, bonus pp: 89
23 Entozer => 
	pp: 10152, bonus pp: 98
24 LongGone => 
	pp: 10097, bonus pp: 58
25 jakads => 
	pp: 10097, bonus pp: 119
26 BjornGV => 
	pp: 10081, bonus pp: 792
27 cr1sp => 
	pp: 10061, bonus pp: 49
28 FutabaAnzu => 
	pp: 10056, bonus pp: 129
29 TBSM => 
	pp: 10026, bonus pp: 129
30 IamUnknown => 
	pp: 10012, bonus pp: 100
31 Nico-Nico-Ni--- => 
	pp: 9988, bonus pp: 271
32 [ Raven ] => 
	pp: 9979, bonus pp: 108
33 metyabo => 
	pp: 9979, bonus pp: 280
34 gnslzkwp => 
	pp: 9977, bonus pp: 171
35 Rose => 
	pp: 9922, bonus pp: 259
36 Norzhen => 
	pp: 9897, bonus pp: 121
37 Kim_GodSSI => 
	pp: 9886, bonus pp: 291
38 Hassou Tobii => 
	pp: 9867, bonus pp: 349
39 aya => 
	pp: 9830, bonus pp: 657
40 Tokiiwa => 
	pp: 9817, bonus pp: 185
41 NAME_MIX => 
	pp: 9801, bonus pp: 108
42 Abhay- => 
	pp: 9793, bonus pp: 212
43 Degeneracy => 
	pp: 9790, bonus pp: 89
44 [MY]Idiot => 
	pp: 9786, bonus pp: 123
45 wof => 
	pp: 9785, bonus pp: 306
46 Zei- => 
	pp: 9773, bonus pp: 227
47 Chlomaki => 
	pp: 9771, bonus pp: 146
48 Korean => 
	pp: 9734, bonus pp: 115
49 _S u w a k o_ => 
	pp: 9712, bonus pp: 243
50 KEHC => 
	pp: 9700, bonus pp: 107
