1 WindyS => 
	pp: 10183, bonus pp: 42
2 cr1sp => 
	pp: 10061, bonus pp: 49
3 LongGone => 
	pp: 10097, bonus pp: 58
4 [Tenshi-] => 
	pp: 10202, bonus pp: 60
5 Black Another => 
	pp: 10246, bonus pp: 72
6 inteliser => 
	pp: 10201, bonus pp: 83
7 Sern888 => 
	pp: 10155, bonus pp: 89
8 Degeneracy => 
	pp: 9790, bonus pp: 89
9 jhlee0133 => 
	pp: 10778, bonus pp: 94
10 gyp05040 => 
	pp: 10722, bonus pp: 98
11 Entozer => 
	pp: 10152, bonus pp: 98
12 IamUnknown => 
	pp: 10012, bonus pp: 100
13 rustbell => 
	pp: 10262, bonus pp: 102
14 HCl69 => 
	pp: 10480, bonus pp: 103
15 KEHC => 
	pp: 9700, bonus pp: 107
16 [ Raven ] => 
	pp: 9979, bonus pp: 108
17 NAME_MIX => 
	pp: 9801, bonus pp: 108
18 Korean => 
	pp: 9734, bonus pp: 115
19 jakads => 
	pp: 10097, bonus pp: 119
20 Norzhen => 
	pp: 9897, bonus pp: 121
21 [MY]Idiot => 
	pp: 9786, bonus pp: 123
22 FutabaAnzu => 
	pp: 10056, bonus pp: 129
23 TBSM => 
	pp: 10026, bonus pp: 129
24 MoTeSolo => 
	pp: 10343, bonus pp: 135
25 Chlomaki => 
	pp: 9771, bonus pp: 146
26 KyeoL_DaN => 
	pp: 10255, bonus pp: 167
27 gnslzkwp => 
	pp: 9977, bonus pp: 171
28 [Teleport] => 
	pp: 10231, bonus pp: 181
29 Tokiiwa => 
	pp: 9817, bonus pp: 185
30 01212101 => 
	pp: 10346, bonus pp: 186
31 Abhay- => 
	pp: 9793, bonus pp: 212
32 M o g i => 
	pp: 10389, bonus pp: 216
33 Zei- => 
	pp: 9773, bonus pp: 227
34 _S u w a k o_ => 
	pp: 9712, bonus pp: 243
35 jky0308 => 
	pp: 10454, bonus pp: 248
36 Sillyveon => 
	pp: 10317, bonus pp: 253
37 ACT => 
	pp: 10495, bonus pp: 259
38 Rose => 
	pp: 9922, bonus pp: 259
39 HNC_yk => 
	pp: 10438, bonus pp: 260
40 Nico-Nico-Ni--- => 
	pp: 9988, bonus pp: 271
41 metyabo => 
	pp: 9979, bonus pp: 280
42 __M A S__ => 
	pp: 10297, bonus pp: 285
43 Cobo- => 
	pp: 10251, bonus pp: 287
44 Kim_GodSSI => 
	pp: 9886, bonus pp: 291
45 Ez2dj_7144 => 
	pp: 10278, bonus pp: 299
46 HeathErika => 
	pp: 10188, bonus pp: 306
47 wof => 
	pp: 9785, bonus pp: 306
48 Hassou Tobii => 
	pp: 9867, bonus pp: 349
49 aya => 
	pp: 9830, bonus pp: 657
50 BjornGV => 
	pp: 10081, bonus pp: 792
