1 Cookiezi => 
	pp: 13518, bonus pp: 181
2 free mutual => 
	pp: 10553, bonus pp: 182
3 Mathi => 
	pp: 10450, bonus pp: 220
4 Akcel => 
	pp: 9930, bonus pp: 221
5 DanyL => 
	pp: 10875, bonus pp: 223
6 Vaxei => 
	pp: 12932, bonus pp: 236
7 Azerite => 
	pp: 10976, bonus pp: 238
8 Axarious => 
	pp: 10610, bonus pp: 250
9 Beafowl => 
	pp: 9919, bonus pp: 253
10 i suck => 
	pp: 10004, bonus pp: 255
11 Gayzmcgee => 
	pp: 11055, bonus pp: 256
12 Tarulas => 
	pp: 10466, bonus pp: 272
13 Azer => 
	pp: 10175, bonus pp: 291
14 Green NPC => 
	pp: 10253, bonus pp: 292
15 Mizuru => 
	pp: 10619, bonus pp: 303
16 Ayachi Nene => 
	pp: 10097, bonus pp: 306
17 -Zirba- => 
	pp: 10655, bonus pp: 310
18 -Konpaku- => 
	pp: 10657, bonus pp: 311
19 Neliel => 
	pp: 9977, bonus pp: 312
20 Angelsim => 
	pp: 12950, bonus pp: 326
21 Xilver => 
	pp: 10213, bonus pp: 328
22 My Angel Serena => 
	pp: 9868, bonus pp: 332
23 Reimu-Desu => 
	pp: 10109, bonus pp: 333
24 filsdelama => 
	pp: 12242, bonus pp: 339
25 Sanze => 
	pp: 10739, bonus pp: 342
26 Spare => 
	pp: 11115, bonus pp: 343
27 HappyStick => 
	pp: 10909, bonus pp: 346
28 MouseEasy => 
	pp: 10296, bonus pp: 346
29 Yaong => 
	pp: 10290, bonus pp: 349
30 Emilia => 
	pp: 10863, bonus pp: 353
31 kuu01 => 
	pp: 10060, bonus pp: 353
32 Rafis => 
	pp: 12943, bonus pp: 355
33 kablaze => 
	pp: 10504, bonus pp: 357
34 Salieri => 
	pp: 10119, bonus pp: 357
35 _index => 
	pp: 11314, bonus pp: 358
36 Totori => 
	pp: 10452, bonus pp: 359
37 Adamqs => 
	pp: 10741, bonus pp: 361
38 DoKito => 
	pp: 9966, bonus pp: 363
39 Musty => 
	pp: 10826, bonus pp: 365
40 Recia => 
	pp: 10606, bonus pp: 367
41 Vettel => 
	pp: 10000, bonus pp: 373
42 Dustice => 
	pp: 11208, bonus pp: 385
43 Rohulk => 
	pp: 10947, bonus pp: 387
44 Wilchq => 
	pp: 10656, bonus pp: 391
45 Mlaw22 => 
	pp: 10002, bonus pp: 391
46 CXu => 
	pp: 10638, bonus pp: 392
47 talala => 
	pp: 10783, bonus pp: 393
48 hvick225 => 
	pp: 12421, bonus pp: 401
49 Toy => 
	pp: 10761, bonus pp: 412
50 WubWoofWolf => 
	pp: 10273, bonus pp: 419
