1 hvick225 => 
	pp: 10451, bonus pp: 393
2 Rafis => 
	pp: 9899, bonus pp: 294
3 _index => 
	pp: 9435, bonus pp: 309
4 WubWoofWolf => 
	pp: 9399, bonus pp: 416
5 My Aim Sucks => 
	pp: 9348, bonus pp: 307
6 Angelsim => 
	pp: 9227, bonus pp: 262
7 My Angel Enju => 
	pp: 9223, bonus pp: 309
8 - Hakurei Reimu- => 
	pp: 9071, bonus pp: 296
9 HappyStick => 
	pp: 9023, bonus pp: 291
10 Recia => 
	pp: 9001, bonus pp: 334
11 oxycodone => 
	pp: 8910, bonus pp: 340
12 zeluaR => 
	pp: 8814, bonus pp: 329
13 sayonara-bye => 
	pp: 8746, bonus pp: 363
14 isokasapupuja => 
	pp: 8744, bonus pp: 337
15 Dustice => 
	pp: 8705, bonus pp: 365
16 Nara => 
	pp: 8691, bonus pp: 300
17 Meltina => 
	pp: 8659, bonus pp: 308
18 Xilver => 
	pp: 8625, bonus pp: 248
19 rrtyui => 
	pp: 8602, bonus pp: 324
20 Kaoru => 
	pp: 8592, bonus pp: 406
21 Azer => 
	pp: 8520, bonus pp: 241
22 Alumetorz => 
	pp: 8494, bonus pp: 263
23 Tokichii => 
	pp: 8472, bonus pp: 371
24 Emperorpenguin83 => 
	pp: 8419, bonus pp: 347
25 Dsan => 
	pp: 8395, bonus pp: 371
26 thelewa => 
	pp: 8297, bonus pp: 396
27 Small K => 
	pp: 8233, bonus pp: 382
28 clp012345 => 
	pp: 8173, bonus pp: 351
29 Gokuri => 
	pp: 8163, bonus pp: 329
30 Kynan => 
	pp: 8136, bonus pp: 348
31 talala => 
	pp: 8131, bonus pp: 370
32 Splinter572 => 
	pp: 8118, bonus pp: 339
33 OhAHO => 
	pp: 8117, bonus pp: 352
34 serena => 
	pp: 8099, bonus pp: 264
35 Mecarl => 
	pp: 8037, bonus pp: 310
36 loliXn => 
	pp: 8034, bonus pp: 264
37 Tosino Kyoko => 
	pp: 8007, bonus pp: 293
38 Crai => 
	pp: 8007, bonus pp: 148
39 BDDav => 
	pp: 8003, bonus pp: 307
40 Bikko => 
	pp: 7998, bonus pp: 219
41 SpringLane => 
	pp: 7971, bonus pp: 346
42 NerO => 
	pp: 7936, bonus pp: 295
43 HAUHAU => 
	pp: 7935, bonus pp: 311
44 Doomsday => 
	pp: 7929, bonus pp: 410
45 Yakisoba_Pan => 
	pp: 7926, bonus pp: 341
46 Mercurius => 
	pp: 7917, bonus pp: 395
47 Musty => 
	pp: 7904, bonus pp: 331
48 Natalia => 
	pp: 7859, bonus pp: 298
49 wobeinimacao => 
	pp: 7833, bonus pp: 374
50 kablaze => 
	pp: 7829, bonus pp: 315
