1 Cookiezi => 
	pp: 13518, bonus pp: 181
2 Angelsim => 
	pp: 12950, bonus pp: 326
3 Rafis => 
	pp: 12943, bonus pp: 355
4 Vaxei => 
	pp: 12932, bonus pp: 236
5 hvick225 => 
	pp: 12421, bonus pp: 401
6 filsdelama => 
	pp: 12242, bonus pp: 339
7 _index => 
	pp: 11314, bonus pp: 358
8 Dustice => 
	pp: 11208, bonus pp: 385
9 Spare => 
	pp: 11115, bonus pp: 343
10 Gayzmcgee => 
	pp: 11055, bonus pp: 256
11 Azerite => 
	pp: 10976, bonus pp: 238
12 Rohulk => 
	pp: 10947, bonus pp: 387
13 HappyStick => 
	pp: 10909, bonus pp: 346
14 DanyL => 
	pp: 10875, bonus pp: 223
15 Emilia => 
	pp: 10863, bonus pp: 353
16 Musty => 
	pp: 10826, bonus pp: 365
17 talala => 
	pp: 10783, bonus pp: 393
18 Toy => 
	pp: 10761, bonus pp: 412
19 Adamqs => 
	pp: 10741, bonus pp: 361
20 Sanze => 
	pp: 10739, bonus pp: 342
21 -Konpaku- => 
	pp: 10657, bonus pp: 311
22 Wilchq => 
	pp: 10656, bonus pp: 391
23 -Zirba- => 
	pp: 10655, bonus pp: 310
24 CXu => 
	pp: 10638, bonus pp: 392
25 Mizuru => 
	pp: 10619, bonus pp: 303
26 Axarious => 
	pp: 10610, bonus pp: 250
27 Recia => 
	pp: 10606, bonus pp: 367
28 free mutual => 
	pp: 10553, bonus pp: 182
29 kablaze => 
	pp: 10504, bonus pp: 357
30 Tarulas => 
	pp: 10466, bonus pp: 272
31 Totori => 
	pp: 10452, bonus pp: 359
32 Mathi => 
	pp: 10450, bonus pp: 220
33 MouseEasy => 
	pp: 10296, bonus pp: 346
34 Yaong => 
	pp: 10290, bonus pp: 349
35 WubWoofWolf => 
	pp: 10273, bonus pp: 419
36 Green NPC => 
	pp: 10253, bonus pp: 292
37 Xilver => 
	pp: 10213, bonus pp: 328
38 Azer => 
	pp: 10175, bonus pp: 291
39 Salieri => 
	pp: 10119, bonus pp: 357
40 Reimu-Desu => 
	pp: 10109, bonus pp: 333
41 Ayachi Nene => 
	pp: 10097, bonus pp: 306
42 kuu01 => 
	pp: 10060, bonus pp: 353
43 i suck => 
	pp: 10004, bonus pp: 255
44 Mlaw22 => 
	pp: 10002, bonus pp: 391
45 Vettel => 
	pp: 10000, bonus pp: 373
46 Neliel => 
	pp: 9977, bonus pp: 312
47 DoKito => 
	pp: 9966, bonus pp: 363
48 Akcel => 
	pp: 9930, bonus pp: 221
49 Beafowl => 
	pp: 9919, bonus pp: 253
50 My Angel Serena => 
	pp: 9868, bonus pp: 332
