1 free mutual => 
	pp: 10921, bonus pp: 184
2 Cookiezi => 
	pp: 13894, bonus pp: 200
3 Mathi => 
	pp: 10627, bonus pp: 221
4 Akcel => 
	pp: 10121, bonus pp: 222
5 DanyL => 
	pp: 11025, bonus pp: 225
6 Vaxei => 
	pp: 13274, bonus pp: 240
7 Azerite => 
	pp: 11057, bonus pp: 243
8 Axarious => 
	pp: 10610, bonus pp: 250
9 Gayzmcgee => 
	pp: 11067, bonus pp: 255
10 i suck => 
	pp: 10026, bonus pp: 260
11 Tarulas => 
	pp: 10466, bonus pp: 272
12 Azer => 
	pp: 10345, bonus pp: 295
13 Green NPC => 
	pp: 10607, bonus pp: 301
14 fieryrage => 
	pp: 10061, bonus pp: 303
15 Mizuru => 
	pp: 10698, bonus pp: 310
16 -Zirba- => 
	pp: 10655, bonus pp: 310
17 FunOrange => 
	pp: 10137, bonus pp: 317
18 -Konpaku- => 
	pp: 11088, bonus pp: 325
19 Piggey => 
	pp: 11077, bonus pp: 330
20 Angelsim => 
	pp: 12983, bonus pp: 333
21 Xilver => 
	pp: 10239, bonus pp: 336
22 Reimu-Desu => 
	pp: 10178, bonus pp: 337
23 filsdelama => 
	pp: 12531, bonus pp: 338
24 Sanze => 
	pp: 10741, bonus pp: 340
25 Dunois => 
	pp: 10071, bonus pp: 346
26 Spare => 
	pp: 11325, bonus pp: 348
27 MouseEasy => 
	pp: 10315, bonus pp: 350
28 kuu01 => 
	pp: 10055, bonus pp: 351
29 HappyStick => 
	pp: 11069, bonus pp: 352
30 Salieri => 
	pp: 10255, bonus pp: 355
31 Emilia => 
	pp: 10921, bonus pp: 356
32 Yaong => 
	pp: 10304, bonus pp: 356
33 Rafis => 
	pp: 12972, bonus pp: 357
34 _index => 
	pp: 11315, bonus pp: 359
35 rustbell => 
	pp: 10494, bonus pp: 359
36 Adamqs => 
	pp: 10810, bonus pp: 361
37 kablaze => 
	pp: 10732, bonus pp: 362
38 Recia => 
	pp: 10606, bonus pp: 367
39 Musty => 
	pp: 10866, bonus pp: 369
40 Dumii => 
	pp: 10024, bonus pp: 373
41 Vettel => 
	pp: 10199, bonus pp: 376
42 Dustice => 
	pp: 11212, bonus pp: 387
43 Mlaw22 => 
	pp: 10169, bonus pp: 388
44 Rohulk => 
	pp: 11039, bonus pp: 391
45 talala => 
	pp: 10865, bonus pp: 391
46 CXu => 
	pp: 10741, bonus pp: 391
47 hvick225 => 
	pp: 12421, bonus pp: 401
48 Wilchq => 
	pp: 10727, bonus pp: 401
49 Toy => 
	pp: 10769, bonus pp: 412
50 WubWoofWolf => 
	pp: 10426, bonus pp: 418
