1 Cookiezi => 
	pp: 13894, bonus pp: 200
2 Vaxei => 
	pp: 13274, bonus pp: 240
3 Angelsim => 
	pp: 12983, bonus pp: 333
4 Rafis => 
	pp: 12972, bonus pp: 357
5 filsdelama => 
	pp: 12531, bonus pp: 338
6 hvick225 => 
	pp: 12421, bonus pp: 401
7 Spare => 
	pp: 11325, bonus pp: 348
8 _index => 
	pp: 11315, bonus pp: 359
9 Dustice => 
	pp: 11212, bonus pp: 387
10 -Konpaku- => 
	pp: 11088, bonus pp: 325
11 Piggey => 
	pp: 11077, bonus pp: 330
12 HappyStick => 
	pp: 11069, bonus pp: 352
13 Gayzmcgee => 
	pp: 11067, bonus pp: 255
14 Azerite => 
	pp: 11057, bonus pp: 243
15 Rohulk => 
	pp: 11039, bonus pp: 391
16 DanyL => 
	pp: 11025, bonus pp: 225
17 Emilia => 
	pp: 10921, bonus pp: 356
18 free mutual => 
	pp: 10921, bonus pp: 184
19 Musty => 
	pp: 10866, bonus pp: 369
20 talala => 
	pp: 10865, bonus pp: 391
21 Adamqs => 
	pp: 10810, bonus pp: 361
22 Toy => 
	pp: 10769, bonus pp: 412
23 CXu => 
	pp: 10741, bonus pp: 391
24 Sanze => 
	pp: 10741, bonus pp: 340
25 kablaze => 
	pp: 10732, bonus pp: 362
26 Wilchq => 
	pp: 10727, bonus pp: 401
27 Mizuru => 
	pp: 10698, bonus pp: 310
28 -Zirba- => 
	pp: 10655, bonus pp: 310
29 Mathi => 
	pp: 10627, bonus pp: 221
30 Axarious => 
	pp: 10610, bonus pp: 250
31 Green NPC => 
	pp: 10607, bonus pp: 301
32 Recia => 
	pp: 10606, bonus pp: 367
33 rustbell => 
	pp: 10494, bonus pp: 359
34 Tarulas => 
	pp: 10466, bonus pp: 272
35 WubWoofWolf => 
	pp: 10426, bonus pp: 418
36 Azer => 
	pp: 10345, bonus pp: 295
37 MouseEasy => 
	pp: 10315, bonus pp: 350
38 Yaong => 
	pp: 10304, bonus pp: 356
39 Salieri => 
	pp: 10255, bonus pp: 355
40 Xilver => 
	pp: 10239, bonus pp: 336
41 Vettel => 
	pp: 10199, bonus pp: 376
42 Reimu-Desu => 
	pp: 10178, bonus pp: 337
43 Mlaw22 => 
	pp: 10169, bonus pp: 388
44 FunOrange => 
	pp: 10137, bonus pp: 317
45 Akcel => 
	pp: 10121, bonus pp: 222
46 Dunois => 
	pp: 10071, bonus pp: 346
47 fieryrage => 
	pp: 10061, bonus pp: 303
48 kuu01 => 
	pp: 10055, bonus pp: 351
49 i suck => 
	pp: 10026, bonus pp: 260
50 Dumii => 
	pp: 10024, bonus pp: 373
