1 Crai => 
	pp: 8007, bonus pp: 148
2 Bikko => 
	pp: 7998, bonus pp: 219
3 Azer => 
	pp: 8520, bonus pp: 241
4 Xilver => 
	pp: 8625, bonus pp: 248
5 Angelsim => 
	pp: 9227, bonus pp: 262
6 Alumetorz => 
	pp: 8494, bonus pp: 263
7 serena => 
	pp: 8099, bonus pp: 264
8 loliXn => 
	pp: 8034, bonus pp: 264
9 HappyStick => 
	pp: 9023, bonus pp: 291
10 Tosino Kyoko => 
	pp: 8007, bonus pp: 293
11 Rafis => 
	pp: 9899, bonus pp: 294
12 NerO => 
	pp: 7936, bonus pp: 295
13 - Hakurei Reimu- => 
	pp: 9071, bonus pp: 296
14 Natalia => 
	pp: 7859, bonus pp: 298
15 Nara => 
	pp: 8691, bonus pp: 300
16 My Aim Sucks => 
	pp: 9348, bonus pp: 307
17 BDDav => 
	pp: 8003, bonus pp: 307
18 Meltina => 
	pp: 8659, bonus pp: 308
19 _index => 
	pp: 9435, bonus pp: 309
20 My Angel Enju => 
	pp: 9223, bonus pp: 309
21 Mecarl => 
	pp: 8037, bonus pp: 310
22 HAUHAU => 
	pp: 7935, bonus pp: 311
23 kablaze => 
	pp: 7829, bonus pp: 315
24 rrtyui => 
	pp: 8602, bonus pp: 324
25 zeluaR => 
	pp: 8814, bonus pp: 329
26 Gokuri => 
	pp: 8163, bonus pp: 329
27 Musty => 
	pp: 7904, bonus pp: 331
28 Recia => 
	pp: 9001, bonus pp: 334
29 isokasapupuja => 
	pp: 8744, bonus pp: 337
30 Splinter572 => 
	pp: 8118, bonus pp: 339
31 oxycodone => 
	pp: 8910, bonus pp: 340
32 Yakisoba_Pan => 
	pp: 7926, bonus pp: 341
33 SpringLane => 
	pp: 7971, bonus pp: 346
34 Emperorpenguin83 => 
	pp: 8419, bonus pp: 347
35 Kynan => 
	pp: 8136, bonus pp: 348
36 clp012345 => 
	pp: 8173, bonus pp: 351
37 OhAHO => 
	pp: 8117, bonus pp: 352
38 sayonara-bye => 
	pp: 8746, bonus pp: 363
39 Dustice => 
	pp: 8705, bonus pp: 365
40 talala => 
	pp: 8131, bonus pp: 370
41 Tokichii => 
	pp: 8472, bonus pp: 371
42 Dsan => 
	pp: 8395, bonus pp: 371
43 wobeinimacao => 
	pp: 7833, bonus pp: 374
44 Small K => 
	pp: 8233, bonus pp: 382
45 hvick225 => 
	pp: 10451, bonus pp: 393
46 Mercurius => 
	pp: 7917, bonus pp: 395
47 thelewa => 
	pp: 8297, bonus pp: 396
48 Kaoru => 
	pp: 8592, bonus pp: 406
49 Doomsday => 
	pp: 7929, bonus pp: 410
50 WubWoofWolf => 
	pp: 9399, bonus pp: 416
