1 _yu68 => 
	pp: 12396, bonus pp: 278
2 shinchikuhome => 
	pp: 11044, bonus pp: 387
3 tasuke912 => 
	pp: 10941, bonus pp: 320
4 asuasu_yura => 
	pp: 10819, bonus pp: 385
5 uone => 
	pp: 10702, bonus pp: 410
6 sobatsuyu => 
	pp: 10665, bonus pp: 268
7 1RoHa_ => 
	pp: 10525, bonus pp: 260
8 _Rise => 
	pp: 10392, bonus pp: 333
9 Michiyo => 
	pp: 10289, bonus pp: 409
10 applerss => 
	pp: 10235, bonus pp: 179
11 yuk1_Sr => 
	pp: 10220, bonus pp: 163
12 taiko_ryuki => 
	pp: 10173, bonus pp: 328
13 Devli => 
	pp: 10073, bonus pp: 121
14 ankohime => 
	pp: 10016, bonus pp: 119
15 stu00608 => 
	pp: 9955, bonus pp: 273
16 remtiw => 
	pp: 9925, bonus pp: 331
17 suni => 
	pp: 9883, bonus pp: 265
18 v2fax => 
	pp: 9757, bonus pp: 376
19 Mew104 => 
	pp: 9656, bonus pp: 331
20 S a n d => 
	pp: 9653, bonus pp: 345
21 ManP => 
	pp: 9622, bonus pp: 325
22 iceOC => 
	pp: 9611, bonus pp: 201
23 kiyozi11 => 
	pp: 9588, bonus pp: 95
24 Quizmaegi => 
	pp: 9566, bonus pp: 268
25 ekumea1123 => 
	pp: 9449, bonus pp: 49
26 sing216 => 
	pp: 9404, bonus pp: 355
27 GNKait => 
	pp: 9386, bonus pp: 87
28 qwappy797 => 
	pp: 9379, bonus pp: 139
29 totomarudesu => 
	pp: 9347, bonus pp: 84
30 pmriva => 
	pp: 9269, bonus pp: 192
31 Jaye => 
	pp: 9263, bonus pp: 313
32 cacao => 
	pp: 9224, bonus pp: 236
33 Nishizumi => 
	pp: 9220, bonus pp: 254
34 Plat => 
	pp: 9218, bonus pp: 224
35 emotti => 
	pp: 9187, bonus pp: 153
36 Hori_159 => 
	pp: 9185, bonus pp: 387
37 syunsyun => 
	pp: 9178, bonus pp: 296
38 maguro31 => 
	pp: 9165, bonus pp: 175
39 ImHS => 
	pp: 9108, bonus pp: 75
40 am_Minami => 
	pp: 9079, bonus pp: 189
41 Conor => 
	pp: 9027, bonus pp: 414
42 ca08 => 
	pp: 8980, bonus pp: 195
43 Yos393 => 
	pp: 8965, bonus pp: 132
44 Sashimio => 
	pp: 8957, bonus pp: 171
45 monkeydluffy3u4 => 
	pp: 8952, bonus pp: 211
46 nananass => 
	pp: 8910, bonus pp: 226
47 Chocola_2287 => 
	pp: 8909, bonus pp: 104
48 numamuto1 => 
	pp: 8903, bonus pp: 284
49 yassu- => 
	pp: 8895, bonus pp: 389
50 1rori => 
	pp: 8894, bonus pp: 107
