1 _yu68 => 
	pp: 12537, bonus pp: 285
2 shinchikuhome => 
	pp: 11060, bonus pp: 388
3 tasuke912 => 
	pp: 10942, bonus pp: 321
4 asuasu_yura => 
	pp: 10837, bonus pp: 391
5 uone => 
	pp: 10757, bonus pp: 409
6 sobatsuyu => 
	pp: 10665, bonus pp: 268
7 Michiyo => 
	pp: 10606, bonus pp: 413
8 1RoHa_ => 
	pp: 10593, bonus pp: 263
9 applerss => 
	pp: 10520, bonus pp: 195
10 _Rise => 
	pp: 10474, bonus pp: 340
11 taiko_ryuki => 
	pp: 10390, bonus pp: 336
12 stu00608 => 
	pp: 10322, bonus pp: 282
13 yuk1_Sr => 
	pp: 10233, bonus pp: 167
14 ankohime => 
	pp: 10211, bonus pp: 121
15 kiyozi11 => 
	pp: 10091, bonus pp: 149
16 Devli => 
	pp: 10083, bonus pp: 123
17 ekumea1123 => 
	pp: 10060, bonus pp: 168
18 GNKait => 
	pp: 10027, bonus pp: 155
19 remtiw => 
	pp: 10010, bonus pp: 338
20 suni => 
	pp: 10000, bonus pp: 268
21 v2fax => 
	pp: 9985, bonus pp: 394
22 Quizmaegi => 
	pp: 9676, bonus pp: 271
23 Mew104 => 
	pp: 9661, bonus pp: 336
24 S a n d => 
	pp: 9654, bonus pp: 346
25 iceOC => 
	pp: 9633, bonus pp: 205
26 ManP => 
	pp: 9622, bonus pp: 325
27 sing216 => 
	pp: 9614, bonus pp: 366
28 Y u w a n => 
	pp: 9560, bonus pp: 87
29 totomarudesu => 
	pp: 9521, bonus pp: 101
30 pmriva => 
	pp: 9436, bonus pp: 193
31 qwappy797 => 
	pp: 9382, bonus pp: 142
32 Plat => 
	pp: 9311, bonus pp: 230
33 Jaye => 
	pp: 9309, bonus pp: 312
34 syunsyun => 
	pp: 9286, bonus pp: 298
35 cacao => 
	pp: 9279, bonus pp: 240
36 Hori_159 => 
	pp: 9258, bonus pp: 381
37 am_Minami => 
	pp: 9252, bonus pp: 203
38 ]_p => 
	pp: 9227, bonus pp: 70
39 ImHS => 
	pp: 9225, bonus pp: 78
40 Nishizumi => 
	pp: 9222, bonus pp: 256
41 Lze => 
	pp: 9190, bonus pp: 175
42 emotti => 
	pp: 9187, bonus pp: 153
43 namaniku => 
	pp: 9187, bonus pp: 159
44 TimmyAkmed => 
	pp: 9156, bonus pp: 407
45 numamuto1 => 
	pp: 9143, bonus pp: 290
46 Conor => 
	pp: 9125, bonus pp: 412
47 nananass => 
	pp: 9123, bonus pp: 230
48 Chocola_2287 => 
	pp: 9071, bonus pp: 103
49 1rori => 
	pp: 9058, bonus pp: 114
50 Sashimio => 
	pp: 9051, bonus pp: 176
