1 tasuke912 => 
	pp: 9612, bonus pp: 282
2 shinchikuhome => 
	pp: 9583, bonus pp: 360
3 asuasu_yura => 
	pp: 9455, bonus pp: 345
4 sobatsuyu => 
	pp: 9421, bonus pp: 232
5 1RoHa_ => 
	pp: 9117, bonus pp: 219
6 stu00608 => 
	pp: 8730, bonus pp: 239
7 huepike => 
	pp: 8719, bonus pp: 330
8 TKS => 
	pp: 8583, bonus pp: 313
9 Hori_159 => 
	pp: 8555, bonus pp: 346
10 syunsyun => 
	pp: 8547, bonus pp: 276
11 ItohJ => 
	pp: 8484, bonus pp: 317
12 uone => 
	pp: 8462, bonus pp: 42
13 seiichiz => 
	pp: 8425, bonus pp: 342
14 FLANKs => 
	pp: 8417, bonus pp: 280
15 cagalin => 
	pp: 8329, bonus pp: 362
16 ManP => 
	pp: 8165, bonus pp: 252
17 Nishizumi => 
	pp: 8158, bonus pp: 237
18 pagr42 => 
	pp: 8154, bonus pp: 302
19 s2cl => 
	pp: 8132, bonus pp: 234
20 Tenchaa => 
	pp: 8130, bonus pp: 334
21 coDMo2ooo => 
	pp: 8082, bonus pp: 194
22 Mew104 => 
	pp: 8059, bonus pp: 184
23 wzxxzw => 
	pp: 8023, bonus pp: 202
24 Konpaku Sariel => 
	pp: 7993, bonus pp: 216
25 Midnaait => 
	pp: 7964, bonus pp: 272
26 FlowerMasterK => 
	pp: 7919, bonus pp: 340
27 ruas => 
	pp: 7868, bonus pp: 146
28 S a n d => 
	pp: 7847, bonus pp: 320
29 Joumu- => 
	pp: 7838, bonus pp: 12
30 -RizuMu => 
	pp: 7813, bonus pp: 250
31 totomarudesu => 
	pp: 7780, bonus pp: 37
32 FEZ_Icese => 
	pp: 7760, bonus pp: 285
33 Ekoro => 
	pp: 7753, bonus pp: 173
34 Xiah7s => 
	pp: 7706, bonus pp: 183
35 monkeydluffy3u4 => 
	pp: 7656, bonus pp: 181
36 Kikuchi Makoto => 
	pp: 7652, bonus pp: 212
37 iceOC => 
	pp: 7614, bonus pp: 97
38 moe moe moe => 
	pp: 7611, bonus pp: 302
39 MMzz => 
	pp: 7582, bonus pp: 265
40 Sashimi0229 => 
	pp: 7546, bonus pp: 135
41 owataiko => 
	pp: 7520, bonus pp: 72
42 soumu kanade => 
	pp: 7520, bonus pp: 211
43 john26148853 => 
	pp: 7518, bonus pp: 235
44 zx_baka_0502442 => 
	pp: 7490, bonus pp: 367
45 Demiglace => 
	pp: 7481, bonus pp: 332
46 ROTO2001 => 
	pp: 7474, bonus pp: 139
47 Rise0101 => 
	pp: 7463, bonus pp: 106
48 Fudgyking => 
	pp: 7455, bonus pp: 366
49 ARIA_1_ => 
	pp: 7437, bonus pp: 282
50 Yos393 => 
	pp: 7408, bonus pp: 89
