1 ekumea1123 => 
	pp: 9449, bonus pp: 49
2 ImHS => 
	pp: 9108, bonus pp: 75
3 totomarudesu => 
	pp: 9347, bonus pp: 84
4 GNKait => 
	pp: 9386, bonus pp: 87
5 kiyozi11 => 
	pp: 9588, bonus pp: 95
6 Chocola_2287 => 
	pp: 8909, bonus pp: 104
7 1rori => 
	pp: 8894, bonus pp: 107
8 ankohime => 
	pp: 10016, bonus pp: 119
9 Devli => 
	pp: 10073, bonus pp: 121
10 Yos393 => 
	pp: 8965, bonus pp: 132
11 qwappy797 => 
	pp: 9379, bonus pp: 139
12 emotti => 
	pp: 9187, bonus pp: 153
13 yuk1_Sr => 
	pp: 10220, bonus pp: 163
14 Sashimio => 
	pp: 8957, bonus pp: 171
15 maguro31 => 
	pp: 9165, bonus pp: 175
16 applerss => 
	pp: 10235, bonus pp: 179
17 am_Minami => 
	pp: 9079, bonus pp: 189
18 pmriva => 
	pp: 9269, bonus pp: 192
19 ca08 => 
	pp: 8980, bonus pp: 195
20 iceOC => 
	pp: 9611, bonus pp: 201
21 monkeydluffy3u4 => 
	pp: 8952, bonus pp: 211
22 Plat => 
	pp: 9218, bonus pp: 224
23 nananass => 
	pp: 8910, bonus pp: 226
24 cacao => 
	pp: 9224, bonus pp: 236
25 Nishizumi => 
	pp: 9220, bonus pp: 254
26 1RoHa_ => 
	pp: 10525, bonus pp: 260
27 suni => 
	pp: 9883, bonus pp: 265
28 sobatsuyu => 
	pp: 10665, bonus pp: 268
29 Quizmaegi => 
	pp: 9566, bonus pp: 268
30 stu00608 => 
	pp: 9955, bonus pp: 273
31 _yu68 => 
	pp: 12396, bonus pp: 278
32 numamuto1 => 
	pp: 8903, bonus pp: 284
33 syunsyun => 
	pp: 9178, bonus pp: 296
34 Jaye => 
	pp: 9263, bonus pp: 313
35 tasuke912 => 
	pp: 10941, bonus pp: 320
36 ManP => 
	pp: 9622, bonus pp: 325
37 taiko_ryuki => 
	pp: 10173, bonus pp: 328
38 remtiw => 
	pp: 9925, bonus pp: 331
39 Mew104 => 
	pp: 9656, bonus pp: 331
40 _Rise => 
	pp: 10392, bonus pp: 333
41 S a n d => 
	pp: 9653, bonus pp: 345
42 sing216 => 
	pp: 9404, bonus pp: 355
43 v2fax => 
	pp: 9757, bonus pp: 376
44 asuasu_yura => 
	pp: 10819, bonus pp: 385
45 shinchikuhome => 
	pp: 11044, bonus pp: 387
46 Hori_159 => 
	pp: 9185, bonus pp: 387
47 yassu- => 
	pp: 8895, bonus pp: 389
48 Michiyo => 
	pp: 10289, bonus pp: 409
49 uone => 
	pp: 10702, bonus pp: 410
50 Conor => 
	pp: 9027, bonus pp: 414
