1 Joumu- => 
	pp: 7838, bonus pp: 12
2 totomarudesu => 
	pp: 7780, bonus pp: 37
3 uone => 
	pp: 8462, bonus pp: 42
4 owataiko => 
	pp: 7520, bonus pp: 72
5 Yos393 => 
	pp: 7408, bonus pp: 89
6 iceOC => 
	pp: 7614, bonus pp: 97
7 Rise0101 => 
	pp: 7463, bonus pp: 106
8 Sashimi0229 => 
	pp: 7546, bonus pp: 135
9 ROTO2001 => 
	pp: 7474, bonus pp: 139
10 ruas => 
	pp: 7868, bonus pp: 146
11 Ekoro => 
	pp: 7753, bonus pp: 173
12 monkeydluffy3u4 => 
	pp: 7656, bonus pp: 181
13 Xiah7s => 
	pp: 7706, bonus pp: 183
14 Mew104 => 
	pp: 8059, bonus pp: 184
15 coDMo2ooo => 
	pp: 8082, bonus pp: 194
16 wzxxzw => 
	pp: 8023, bonus pp: 202
17 soumu kanade => 
	pp: 7520, bonus pp: 211
18 Kikuchi Makoto => 
	pp: 7652, bonus pp: 212
19 Konpaku Sariel => 
	pp: 7993, bonus pp: 216
20 1RoHa_ => 
	pp: 9117, bonus pp: 219
21 sobatsuyu => 
	pp: 9421, bonus pp: 232
22 s2cl => 
	pp: 8132, bonus pp: 234
23 john26148853 => 
	pp: 7518, bonus pp: 235
24 Nishizumi => 
	pp: 8158, bonus pp: 237
25 stu00608 => 
	pp: 8730, bonus pp: 239
26 -RizuMu => 
	pp: 7813, bonus pp: 250
27 ManP => 
	pp: 8165, bonus pp: 252
28 MMzz => 
	pp: 7582, bonus pp: 265
29 Midnaait => 
	pp: 7964, bonus pp: 272
30 syunsyun => 
	pp: 8547, bonus pp: 276
31 FLANKs => 
	pp: 8417, bonus pp: 280
32 tasuke912 => 
	pp: 9612, bonus pp: 282
33 ARIA_1_ => 
	pp: 7437, bonus pp: 282
34 FEZ_Icese => 
	pp: 7760, bonus pp: 285
35 pagr42 => 
	pp: 8154, bonus pp: 302
36 moe moe moe => 
	pp: 7611, bonus pp: 302
37 TKS => 
	pp: 8583, bonus pp: 313
38 ItohJ => 
	pp: 8484, bonus pp: 317
39 S a n d => 
	pp: 7847, bonus pp: 320
40 huepike => 
	pp: 8719, bonus pp: 330
41 Demiglace => 
	pp: 7481, bonus pp: 332
42 Tenchaa => 
	pp: 8130, bonus pp: 334
43 FlowerMasterK => 
	pp: 7919, bonus pp: 340
44 seiichiz => 
	pp: 8425, bonus pp: 342
45 asuasu_yura => 
	pp: 9455, bonus pp: 345
46 Hori_159 => 
	pp: 8555, bonus pp: 346
47 shinchikuhome => 
	pp: 9583, bonus pp: 360
48 cagalin => 
	pp: 8329, bonus pp: 362
49 Fudgyking => 
	pp: 7455, bonus pp: 366
50 zx_baka_0502442 => 
	pp: 7490, bonus pp: 367
