1 ]_p => 
	pp: 9227, bonus pp: 70
2 ImHS => 
	pp: 9225, bonus pp: 78
3 Y u w a n => 
	pp: 9560, bonus pp: 87
4 totomarudesu => 
	pp: 9521, bonus pp: 101
5 Chocola_2287 => 
	pp: 9071, bonus pp: 103
6 1rori => 
	pp: 9058, bonus pp: 114
7 ankohime => 
	pp: 10211, bonus pp: 121
8 Devli => 
	pp: 10083, bonus pp: 123
9 qwappy797 => 
	pp: 9382, bonus pp: 142
10 kiyozi11 => 
	pp: 10091, bonus pp: 149
11 emotti => 
	pp: 9187, bonus pp: 153
12 GNKait => 
	pp: 10027, bonus pp: 155
13 namaniku => 
	pp: 9187, bonus pp: 159
14 yuk1_Sr => 
	pp: 10233, bonus pp: 167
15 ekumea1123 => 
	pp: 10060, bonus pp: 168
16 Lze => 
	pp: 9190, bonus pp: 175
17 Sashimio => 
	pp: 9051, bonus pp: 176
18 pmriva => 
	pp: 9436, bonus pp: 193
19 applerss => 
	pp: 10520, bonus pp: 195
20 am_Minami => 
	pp: 9252, bonus pp: 203
21 iceOC => 
	pp: 9633, bonus pp: 205
22 Plat => 
	pp: 9311, bonus pp: 230
23 nananass => 
	pp: 9123, bonus pp: 230
24 cacao => 
	pp: 9279, bonus pp: 240
25 Nishizumi => 
	pp: 9222, bonus pp: 256
26 1RoHa_ => 
	pp: 10593, bonus pp: 263
27 sobatsuyu => 
	pp: 10665, bonus pp: 268
28 suni => 
	pp: 10000, bonus pp: 268
29 Quizmaegi => 
	pp: 9676, bonus pp: 271
30 stu00608 => 
	pp: 10322, bonus pp: 282
31 _yu68 => 
	pp: 12537, bonus pp: 285
32 numamuto1 => 
	pp: 9143, bonus pp: 290
33 syunsyun => 
	pp: 9286, bonus pp: 298
34 Jaye => 
	pp: 9309, bonus pp: 312
35 tasuke912 => 
	pp: 10942, bonus pp: 321
36 ManP => 
	pp: 9622, bonus pp: 325
37 taiko_ryuki => 
	pp: 10390, bonus pp: 336
38 Mew104 => 
	pp: 9661, bonus pp: 336
39 remtiw => 
	pp: 10010, bonus pp: 338
40 _Rise => 
	pp: 10474, bonus pp: 340
41 S a n d => 
	pp: 9654, bonus pp: 346
42 sing216 => 
	pp: 9614, bonus pp: 366
43 Hori_159 => 
	pp: 9258, bonus pp: 381
44 shinchikuhome => 
	pp: 11060, bonus pp: 388
45 asuasu_yura => 
	pp: 10837, bonus pp: 391
46 v2fax => 
	pp: 9985, bonus pp: 394
47 TimmyAkmed => 
	pp: 9156, bonus pp: 407
48 uone => 
	pp: 10757, bonus pp: 409
49 Conor => 
	pp: 9125, bonus pp: 412
50 Michiyo => 
	pp: 10606, bonus pp: 413
